starting ./infinito (pid=16715)
starting ./infinito (pid=16716)
starting ./infinito (pid=16717)
starting ./infinito (pid=16718)
starting ./infinito (pid=16719)
starting ./infinito (pid=16720)
starting ./infinito (pid=16721)
starting ./timetogo (pid=16722)
starting ./timecrash (pid=16723)
program ./timecrash (pid=16723) finished (EXITED=0, EXITSTATUS=0, SIGNALED=1, SIGNAL=8, SIGNALSTR=Floating point exception)
restarting ./timecrash (oldpid=16723, newpid=16723)
starting ./timecrash (pid=16799)
program ./timetogo (pid=16722) finished (EXITED=1, EXITSTATUS=0, SIGNALED=0, SIGNAL=0, SIGNALSTR=Unknown signal 0)
restarting ./timetogo (oldpid=16722, newpid=16722)
starting ./timetogo (pid=16801)
program ./timecrash (pid=16799) finished (EXITED=0, EXITSTATUS=0, SIGNALED=1, SIGNAL=8, SIGNALSTR=Floating point exception)
restarting ./timecrash (oldpid=16799, newpid=16799)
starting ./timecrash (pid=16859)
program ./timetogo (pid=16801) finished (EXITED=1, EXITSTATUS=0, SIGNALED=0, SIGNAL=0, SIGNALSTR=Unknown signal 0)
restarting ./timetogo (oldpid=16801, newpid=16801)
starting ./timetogo (pid=16885)
